<?xml version="1.0" encoding="UTF-8"?>
<coverage generated="1752494580119" clover="3.2.0">
  <project timestamp="1752494580120" name="All files">
    <metrics statements="52" coveredstatements="51" conditionals="26" coveredconditionals="26" methods="8" coveredmethods="8" elements="86" coveredelements="85" complexity="0" loc="52" ncloc="52" packages="3" files="3" classes="3"/>
    <package name="middleware">
      <metrics statements="22" coveredstatements="22" conditionals="16" coveredconditionals="16" methods="2" coveredmethods="2"/>
      <file name="errorHandler.js" path="C:\Users\SIME 2\Documents\PLP Projects\PLP Feb 2025 Assignments\Full Stack MERN\Week 6\week-6-test-debug-assignment-SimonMuriu-cpu\server\src\middleware\errorHandler.js">
        <metrics statements="22" coveredstatements="22" conditionals="16" coveredconditionals="16" methods="2" coveredmethods="2"/>
        <line num="1" count="1" type="stmt"/>
        <line num="2" count="8" type="stmt"/>
        <line num="3" count="8" type="stmt"/>
        <line num="6" count="8" type="stmt"/>
        <line num="9" count="8" type="cond" truecount="2" falsecount="0"/>
        <line num="10" count="1" type="stmt"/>
        <line num="11" count="1" type="stmt"/>
        <line num="15" count="8" type="cond" truecount="2" falsecount="0"/>
        <line num="16" count="1" type="stmt"/>
        <line num="17" count="1" type="stmt"/>
        <line num="18" count="1" type="stmt"/>
        <line num="22" count="8" type="cond" truecount="2" falsecount="0"/>
        <line num="23" count="2" type="stmt"/>
        <line num="24" count="1" type="stmt"/>
        <line num="28" count="8" type="cond" truecount="2" falsecount="0"/>
        <line num="29" count="1" type="stmt"/>
        <line num="30" count="1" type="stmt"/>
        <line num="33" count="8" type="cond" truecount="2" falsecount="0"/>
        <line num="34" count="1" type="stmt"/>
        <line num="35" count="1" type="stmt"/>
        <line num="39" count="8" type="cond" truecount="2" falsecount="0"/>
        <line num="45" count="1" type="stmt"/>
      </file>
    </package>
    <package name="models">
      <metrics statements="17" coveredstatements="16" conditionals="2" coveredconditionals="2" methods="3" coveredmethods="3"/>
      <file name="User.js" path="C:\Users\SIME 2\Documents\PLP Projects\PLP Feb 2025 Assignments\Full Stack MERN\Week 6\week-6-test-debug-assignment-SimonMuriu-cpu\server\src\models\User.js">
        <metrics statements="17" coveredstatements="16" conditionals="2" coveredconditionals="2" methods="3" coveredmethods="3"/>
        <line num="1" count="1" type="stmt"/>
        <line num="2" count="1" type="stmt"/>
        <line num="4" count="1" type="stmt"/>
        <line num="49" count="1" type="stmt"/>
        <line num="50" count="6" type="cond" truecount="2" falsecount="0"/>
        <line num="52" count="5" type="stmt"/>
        <line num="53" count="5" type="stmt"/>
        <line num="54" count="5" type="stmt"/>
        <line num="55" count="5" type="stmt"/>
        <line num="57" count="0" type="stmt"/>
        <line num="62" count="1" type="stmt"/>
        <line num="63" count="2" type="stmt"/>
        <line num="67" count="1" type="stmt"/>
        <line num="68" count="1" type="stmt"/>
        <line num="69" count="1" type="stmt"/>
        <line num="70" count="1" type="stmt"/>
        <line num="73" count="1" type="stmt"/>
      </file>
    </package>
    <package name="utils">
      <metrics statements="13" coveredstatements="13" conditionals="8" coveredconditionals="8" methods="3" coveredmethods="3"/>
      <file name="auth.js" path="C:\Users\SIME 2\Documents\PLP Projects\PLP Feb 2025 Assignments\Full Stack MERN\Week 6\week-6-test-debug-assignment-SimonMuriu-cpu\server\src\utils\auth.js">
        <metrics statements="13" coveredstatements="13" conditionals="8" coveredconditionals="8" methods="3" coveredmethods="3"/>
        <line num="1" count="1" type="stmt"/>
        <line num="3" count="1" type="cond" truecount="2" falsecount="0"/>
        <line num="4" count="1" type="cond" truecount="2" falsecount="0"/>
        <line num="11" count="1" type="stmt"/>
        <line num="12" count="3" type="stmt"/>
        <line num="19" count="3" type="stmt"/>
        <line num="29" count="1" type="stmt"/>
        <line num="30" count="4" type="stmt"/>
        <line num="38" count="1" type="stmt"/>
        <line num="39" count="4" type="cond" truecount="4" falsecount="0"/>
        <line num="40" count="3" type="stmt"/>
        <line num="42" count="1" type="stmt"/>
        <line num="45" count="1" type="stmt"/>
      </file>
    </package>
  </project>
</coverage>
