TN:
SF:server\src\middleware\errorHandler.js
FN:1,(anonymous_0)
FN:23,(anonymous_1)
FNF:2
FNH:2
FNDA:8,(anonymous_0)
FNDA:2,(anonymous_1)
DA:1,1
DA:2,8
DA:3,8
DA:6,8
DA:9,8
DA:10,1
DA:11,1
DA:15,8
DA:16,1
DA:17,1
DA:18,1
DA:22,8
DA:23,2
DA:24,1
DA:28,8
DA:29,1
DA:30,1
DA:33,8
DA:34,1
DA:35,1
DA:39,8
DA:45,1
LF:22
LH:22
BRDA:9,0,0,1
BRDA:9,0,1,7
BRDA:15,1,0,1
BRDA:15,1,1,7
BRDA:22,2,0,1
BRDA:22,2,1,7
BRDA:28,3,0,1
BRDA:28,3,1,7
BRDA:33,4,0,1
BRDA:33,4,1,7
BRDA:39,5,0,8
BRDA:39,5,1,3
BRDA:40,6,0,8
BRDA:40,6,1,1
BRDA:41,7,0,8
BRDA:41,7,1,1
BRF:16
BRH:16
end_of_record
TN:
SF:server\src\models\User.js
FN:49,(anonymous_0)
FN:62,(anonymous_1)
FN:67,(anonymous_2)
FNF:3
FNH:3
FNDA:6,(anonymous_0)
FNDA:2,(anonymous_1)
FNDA:1,(anonymous_2)
DA:1,1
DA:2,1
DA:4,1
DA:49,1
DA:50,6
DA:52,5
DA:53,5
DA:54,5
DA:55,5
DA:57,0
DA:62,1
DA:63,2
DA:67,1
DA:68,1
DA:69,1
DA:70,1
DA:73,1
LF:17
LH:16
BRDA:50,0,0,1
BRDA:50,0,1,5
BRF:2
BRH:2
end_of_record
TN:
SF:server\src\utils\auth.js
FN:11,(anonymous_0)
FN:29,(anonymous_1)
FN:38,(anonymous_2)
FNF:3
FNH:3
FNDA:3,(anonymous_0)
FNDA:4,(anonymous_1)
FNDA:4,(anonymous_2)
DA:1,1
DA:3,1
DA:4,1
DA:11,1
DA:12,3
DA:19,3
DA:29,1
DA:30,4
DA:38,1
DA:39,4
DA:40,3
DA:42,1
DA:45,1
LF:13
LH:13
BRDA:3,0,0,1
BRDA:3,0,1,1
BRDA:4,1,0,1
BRDA:4,1,1,1
BRDA:39,2,0,3
BRDA:39,2,1,1
BRDA:39,3,0,4
BRDA:39,3,1,3
BRF:8
BRH:8
end_of_record
